<?xml version="1.0" encoding="UTF-8"?>
<!-- Generated by org.testng.reporters.JUnitReportReporter -->
<testsuite skipped="0" hostname="STSLP95" name="com.bugzilla.testCases.TC_addNewUser_Test_004" tests="1" failures="0" timestamp="02 Jan 2020 11:37:38 GMT" time="33.472" errors="0">
  <testcase name="addNewUser" time="33.472" classname="com.bugzilla.testCases.TC_addNewUser_Test_004"/>
</testsuite> <!-- com.bugzilla.testCases.TC_addNewUser_Test_004 -->
