<?xml version="1.0" encoding="UTF-8"?>
<!-- Generated by org.testng.reporters.JUnitReportReporter -->
<testsuite skipped="0" hostname="STSLP95" name="com.bugzilla.testCases.TC_LoginTest_001" tests="1" failures="0" timestamp="02 Jan 2020 11:37:38 GMT" time="4.919" errors="0">
  <testcase name="loginTest" time="4.919" classname="com.bugzilla.testCases.TC_LoginTest_001"/>
</testsuite> <!-- com.bugzilla.testCases.TC_LoginTest_001 -->
