<?xml version="1.0" encoding="UTF-8"?>
<!-- Generated by org.testng.reporters.JUnitReportReporter -->
<testsuite skipped="0" hostname="STSLP95" name="com.bugzilla.testCases.TC_LoginTest_001" tests="1" failures="0" timestamp="19 Aug 2019 09:22:42 GMT" time="4.235" errors="0">
  <testcase name="loginTest" time="4.235" classname="com.bugzilla.testCases.TC_LoginTest_001"/>
</testsuite> <!-- com.bugzilla.testCases.TC_LoginTest_001 -->
